<?xml version="1.0" encoding="UTF-8"?>
<!-- Generated by org.testng.reporters.JUnitReportReporter -->
<testsuite hostname="Ora" failures="0" tests="3" name="tests.PutPatchDeleteExamples" time="3.797" errors="0" timestamp="2021-11-17T22:23:18 CST" skipped="0">
  <testcase classname="tests.PutPatchDeleteExamples" name="testPut" time="0.492"/>
  <system-out/>
  <testcase classname="tests.PutPatchDeleteExamples" name="testDelete" time="2.754"/>
  <system-out/>
  <testcase classname="tests.PutPatchDeleteExamples" name="testPatch" time="0.551"/>
  <system-out/>
</testsuite> <!-- tests.PutPatchDeleteExamples -->
