<?xml version="1.0" encoding="UTF-8"?>
<!-- Generated by org.testng.reporters.JUnitReportReporter -->
<testsuite hostname="Ora" failures="0" tests="1" name="tests.TestsOnLocalAPI" time="5.810" errors="0" timestamp="2021-11-18T13:43:32 CST" skipped="0">
  <testcase classname="tests.TestsOnLocalAPI" name="delete" time="5.810"/>
  <system-out/>
</testsuite> <!-- tests.TestsOnLocalAPI -->
