<?xml version="1.0" encoding="UTF-8"?>
<!-- Generated by org.testng.reporters.JUnitReportReporter -->
<testsuite hostname="Ora" failures="0" tests="2" name="tests.TestExamples" time="3.632" errors="0" timestamp="2021-11-17T09:14:49 CST" skipped="0">
  <testcase classname="tests.TestExamples" name="test_1" time="2.449"/>
  <system-out/>
  <testcase classname="tests.TestExamples" name="test_2" time="1.183"/>
  <system-out/>
</testsuite> <!-- tests.TestExamples -->
