<?xml version="1.0" encoding="UTF-8"?>
<!-- Generated by org.testng.reporters.JUnitReportReporter -->
<testsuite hostname="Ora" failures="0" tests="1" name="tests.GetAndPostExamples" time="2.819" errors="0" timestamp="2021-11-17T22:04:56 CST" skipped="0">
  <testcase classname="tests.GetAndPostExamples" name="testPost" time="2.819"/>
  <system-out/>
</testsuite> <!-- tests.GetAndPostExamples -->
