<?xml version="1.0" encoding="UTF-8"?>
<!-- Generated by org.testng.reporters.JUnitReportReporter -->
<testsuite hostname="Ora" failures="0" tests="1" name="tests.XMLSchemaValidation" time="4.377" errors="0" timestamp="2021-12-01T07:09:41 CST" skipped="0">
  <testcase classname="tests.XMLSchemaValidation" name="schemaValidation" time="4.377"/>
  <system-out/>
</testsuite> <!-- tests.XMLSchemaValidation -->
