<?xml version="1.0" encoding="UTF-8"?>
<!-- Generated by org.testng.reporters.JUnitReportReporter -->
<testsuite hostname="Ora" failures="0" tests="1" name="tests.SoapXMLRequest" time="3.134" errors="0" timestamp="2021-11-18T15:25:46 CST" skipped="0">
  <testcase classname="tests.SoapXMLRequest" name="validateSoapXML" time="3.134"/>
  <system-out/>
</testsuite> <!-- tests.SoapXMLRequest -->
